  File "untitled.py", line 22
    global root_directory = "dataTID"
                          ^
SyntaxError: invalid syntax
2023-02-17 12:45:11.065945: I tensorflow/core/platform/cpu_feature_guard.cc:151] This TensorFlow binary is optimized with oneAPI Deep Neural Network Library (oneDNN) to use the following CPU instructions in performance-critical operations:  AVX2 FMA
To enable them in other operations, rebuild TensorFlow with the appropriate compiler flags.
2023-02-17 12:45:14.914655: I tensorflow/core/common_runtime/gpu/gpu_device.cc:1525] Created device /job:localhost/replica:0/task:0/device:GPU:0 with 47225 MB memory:  -> device: 0, name: Quadro RTX 8000, pci bus id: 0000:01:00.0, compute capability: 7.5
2023-02-17 12:45:14.918482: I tensorflow/core/common_runtime/gpu/gpu_device.cc:1525] Created device /job:localhost/replica:0/task:0/device:GPU:1 with 47225 MB memory:  -> device: 1, name: Quadro RTX 8000, pci bus id: 0000:24:00.0, compute capability: 7.5
2023-02-17 12:45:14.921507: I tensorflow/core/common_runtime/gpu/gpu_device.cc:1525] Created device /job:localhost/replica:0/task:0/device:GPU:2 with 47225 MB memory:  -> device: 2, name: Quadro RTX 8000, pci bus id: 0000:41:00.0, compute capability: 7.5
2023-02-17 12:45:14.924527: I tensorflow/core/common_runtime/gpu/gpu_device.cc:1525] Created device /job:localhost/replica:0/task:0/device:GPU:3 with 47225 MB memory:  -> device: 3, name: Quadro RTX 8000, pci bus id: 0000:61:00.0, compute capability: 7.5
2023-02-17 12:45:14.927466: I tensorflow/core/common_runtime/gpu/gpu_device.cc:1525] Created device /job:localhost/replica:0/task:0/device:GPU:4 with 47225 MB memory:  -> device: 4, name: Quadro RTX 8000, pci bus id: 0000:81:00.0, compute capability: 7.5
2023-02-17 12:45:14.930400: I tensorflow/core/common_runtime/gpu/gpu_device.cc:1525] Created device /job:localhost/replica:0/task:0/device:GPU:5 with 47225 MB memory:  -> device: 5, name: Quadro RTX 8000, pci bus id: 0000:a1:00.0, compute capability: 7.5
2023-02-17 12:45:14.933312: I tensorflow/core/common_runtime/gpu/gpu_device.cc:1525] Created device /job:localhost/replica:0/task:0/device:GPU:6 with 47225 MB memory:  -> device: 6, name: Quadro RTX 8000, pci bus id: 0000:c1:00.0, compute capability: 7.5
2023-02-17 12:45:14.936239: I tensorflow/core/common_runtime/gpu/gpu_device.cc:1525] Created device /job:localhost/replica:0/task:0/device:GPU:7 with 47225 MB memory:  -> device: 7, name: Quadro RTX 8000, pci bus id: 0000:e1:00.0, compute capability: 7.5
Model: "vgg16"
_________________________________________________________________
 Layer (type)                Output Shape              Param #   
=================================================================
 input_1 (InputLayer)        [(None, 224, 224, 3)]     0         
                                                                 
 block1_conv1 (Conv2D)       (None, 224, 224, 64)      1792      
                                                                 
 block1_conv2 (Conv2D)       (None, 224, 224, 64)      36928     
                                                                 
 block1_pool (MaxPooling2D)  (None, 112, 112, 64)      0         
                                                                 
 block2_conv1 (Conv2D)       (None, 112, 112, 128)     73856     
                                                                 
 block2_conv2 (Conv2D)       (None, 112, 112, 128)     147584    
                                                                 
 block2_pool (MaxPooling2D)  (None, 56, 56, 128)       0         
                                                                 
 block3_conv1 (Conv2D)       (None, 56, 56, 256)       295168    
                                                                 
 block3_conv2 (Conv2D)       (None, 56, 56, 256)       590080    
                                                                 
 block3_conv3 (Conv2D)       (None, 56, 56, 256)       590080    
                                                                 
 block3_pool (MaxPooling2D)  (None, 28, 28, 256)       0         
                                                                 
 block4_conv1 (Conv2D)       (None, 28, 28, 512)       1180160   
                                                                 
 block4_conv2 (Conv2D)       (None, 28, 28, 512)       2359808   
                                                                 
 block4_conv3 (Conv2D)       (None, 28, 28, 512)       2359808   
                                                                 
 block4_pool (MaxPooling2D)  (None, 14, 14, 512)       0         
                                                                 
 block5_conv1 (Conv2D)       (None, 14, 14, 512)       2359808   
                                                                 
 block5_conv2 (Conv2D)       (None, 14, 14, 512)       2359808   
                                                                 
 block5_conv3 (Conv2D)       (None, 14, 14, 512)       2359808   
                                                                 
 block5_pool (MaxPooling2D)  (None, 7, 7, 512)         0         
                                                                 
=================================================================
Total params: 14,714,688
Trainable params: 14,714,688
Non-trainable params: 0
_________________________________________________________________
Found 420 images belonging to 2 classes.
Found 83 images belonging to 2 classes.
Found 43 images belonging to 2 classes.
  0%|                                                                                               | 0/1 [00:00<?, ?it/s]100%|███████████████████████████████████████████████████████████████████████████████████████| 1/1 [00:00<00:00,  6.91it/s]100%|███████████████████████████████████████████████████████████████████████████████████████| 1/1 [00:00<00:00,  6.90it/s]2023-02-17 12:45:22.346761: I tensorflow/stream_executor/cuda/cuda_dnn.cc:368] Loaded cuDNN version 8300
2023-02-17 12:45:22.921182: W tensorflow/stream_executor/gpu/asm_compiler.cc:111] *** WARNING *** You are using ptxas 9.1.108, which is older than 11.1. ptxas before 11.1 is known to miscompile XLA code, leading to incorrect results or invalid-address errors.

You may not need to update to CUDA 11.1; cherry-picking the ptxas binary is often sufficient.
2023-02-17 12:45:22.927003: W tensorflow/stream_executor/gpu/asm_compiler.cc:230] Falling back to the CUDA driver for PTX compilation; ptxas does not support CC 7.5
2023-02-17 12:45:22.927067: W tensorflow/stream_executor/gpu/asm_compiler.cc:233] Used ptxas at ptxas
2023-02-17 12:45:22.927239: W tensorflow/stream_executor/gpu/redzone_allocator.cc:314] UNIMPLEMENTED: ptxas ptxas too old. Falling back to the driver to compile.
Relying on driver to perform ptx compilation. 
Modify $PATH to customize ptxas location.
This message will be only logged once.

untitled.py:160: UserWarning: `Model.fit_generator` is deprecated and will be removed in a future version. Please use `Model.fit`, which supports generators.
  verbose=verbose
WARNING:tensorflow:5 out of the last 9 calls to <function Model.make_predict_function.<locals>.predict_function at 0x7f6620630440> triggered tf.function retracing. Tracing is expensive and the excessive number of tracings could be due to (1) creating @tf.function repeatedly in a loop, (2) passing tensors with different shapes, (3) passing Python objects instead of tensors. For (1), please define your @tf.function outside of the loop. For (2), @tf.function has experimental_relax_shapes=True option that relaxes argument shapes that can avoid unnecessary retracing. For (3), please refer to https://www.tensorflow.org/guide/function#controlling_retracing and https://www.tensorflow.org/api_docs/python/tf/function for  more details.
WARNING:tensorflow:6 out of the last 11 calls to <function Model.make_predict_function.<locals>.predict_function at 0x7f6620319710> triggered tf.function retracing. Tracing is expensive and the excessive number of tracings could be due to (1) creating @tf.function repeatedly in a loop, (2) passing tensors with different shapes, (3) passing Python objects instead of tensors. For (1), please define your @tf.function outside of the loop. For (2), @tf.function has experimental_relax_shapes=True option that relaxes argument shapes that can avoid unnecessary retracing. For (3), please refer to https://www.tensorflow.org/guide/function#controlling_retracing and https://www.tensorflow.org/api_docs/python/tf/function for  more details.
